[debug] ----------------------------------------------------------------------
[debug] Command:      C:\Program Files\nodejs\node.exe C:\Users\RazvanT\AppData\Roaming\npm\node_modules\firebase-tools\bin\firebase deploy
[debug] CLI Version:  3.0.2
[debug] Platform:     win32
[debug] Node Version: v4.4.5
[debug] Time:         Thu Jun 23 2016 15:38:37 GMT+0300 (GTB Daylight Time)
[debug] ----------------------------------------------------------------------
[debug] 
[debug] > command requires scopes: ["email","openid","https://www.googleapis.com/auth/cloudplatformprojects.readonly","https://www.googleapis.com/auth/firebase"]
[debug] > refreshing access token with scopes: ["email","https://www.googleapis.com/auth/cloudplatformprojects.readonly","https://www.googleapis.com/auth/firebase","openid"]
[debug] >>> HTTP REQUEST POST https://www.googleapis.com/oauth2/v3/token
[debug] <<< HTTP RESPONSE 200
[debug] >>> HTTP REQUEST GET https://admin.firebase.com/v1/projects/life-guiderta 
[debug] <<< HTTP RESPONSE 200
[debug] >>> HTTP REQUEST GET https://admin.firebase.com/v1/database/life-guiderta/tokens 
[debug] <<< HTTP RESPONSE 200
[info] 
[info] === Deploying to 'life-guiderta'...
[info] 
[info] i  deploying database, hosting
[info] i  hosting: preparing www directory for upload...
[debug] >>> HTTP REQUEST PUT https://deploy.firebase.com/v1/hosting/life-guiderta/uploads/-KKxGEVtl6MA0F7UwdnO?fileCount=94&message= 
